ApiPelsMejor/app/build/intermediates/manifest_merge_blame_file/debug/manifest-merger-blame-debug-report.txt
1<?xml version="1.0" encoding="utf-8"?>
2<manifest xmlns:android="http://schemas.android.com/apk/res/android"
3    package="com.matiasbesmedrisnikylukaportnoi.dai.apipel"
4    android:versionCode="1"
5    android:versionName="1.0" >
6
7    <uses-sdk
8        android:minSdkVersion="26"
8-->src\main\AndroidManifest.xml
9        android:targetSdkVersion="30" />
9-->src\main\AndroidManifest.xml
10
11    <uses-permission android:name="android.permission.INTERNET" />
11-->src\main\AndroidManifest.xml:5:5-67
11-->src\main\AndroidManifest.xml:5:22-64
12
13    <application
13-->src\main\AndroidManifest.xml:7:5-27:19
14        android:allowBackup="true"
14-->src\main\AndroidManifest.xml:8:9-35
15        android:appComponentFactory="androidx.core.app.CoreComponentFactory"
15-->[androidx.core:core:1.5.0] AndroidManifest.xml:24:18-86
16        android:debuggable="true"
17        android:extractNativeLibs="false"
18        android:icon="@mipmap/ic_launcher"
18-->src\main\AndroidManifest.xml:9:9-43
19        android:label="@string/app_name"
19-->src\main\AndroidManifest.xml:10:9-41
20        android:roundIcon="@mipmap/ic_launcher_round"
20-->src\main\AndroidManifest.xml:11:9-54
21        android:supportsRtl="true"
21-->src\main\AndroidManifest.xml:12:9-35
22        android:testOnly="true"
23        android:theme="@style/Theme.ApIPel"
23-->src\main\AndroidManifest.xml:13:9-44
24        android:usesCleartextTraffic="true" >
24-->src\main\AndroidManifest.xml:14:9-44
25        <activity android:name="com.matiasbesmedrisnikylukaportnoi.dai.apipel.MainActivity" />
25-->src\main\AndroidManifest.xml:15:9-59
25-->src\main\AndroidManifest.xml:15:19-47
26        <activity android:name="com.matiasbesmedrisnikylukaportnoi.dai.apipel.StartActivity" >
26-->src\main\AndroidManifest.xml:16:9-22:20
26-->src\main\AndroidManifest.xml:16:19-48
27            <intent-filter>
27-->src\main\AndroidManifest.xml:17:13-21:29
28                <action android:name="android.intent.action.MAIN" />
28-->src\main\AndroidManifest.xml:18:17-69
28-->src\main\AndroidManifest.xml:18:25-66
29
30                <category android:name="android.intent.category.LAUNCHER" />
30-->src\main\AndroidManifest.xml:20:17-77
30-->src\main\AndroidManifest.xml:20:27-74
31            </intent-filter>
32        </activity>
33
34        <meta-data
34-->src\main\AndroidManifest.xml:24:9-26:57
35            android:name="preloaded_fonts"
35-->src\main\AndroidManifest.xml:25:13-43
36            android:resource="@array/preloaded_fonts" />
36-->src\main\AndroidManifest.xml:26:13-54
37
38        <provider
38-->[com.squareup.picasso:picasso:2.71828] AndroidManifest.xml:8:9-11:40
39            android:name="com.squareup.picasso.PicassoProvider"
39-->[com.squareup.picasso:picasso:2.71828] AndroidManifest.xml:9:13-64
40            android:authorities="com.matiasbesmedrisnikylukaportnoi.dai.apipel.com.squareup.picasso"
40-->[com.squareup.picasso:picasso:2.71828] AndroidManifest.xml:10:13-72
41            android:exported="false" />
41-->[com.squareup.picasso:picasso:2.71828] AndroidManifest.xml:11:13-37
42    </application>
43
44</manifest>